<?xml version="1.0" encoding="UTF-8"?>
<!-- Generated by org.testng.reporters.JUnitReportReporter -->
<testsuite skipped="0" hostname="DDSPL1550" name="org.n26.resources.N26AutomationRunner" tests="5" failures="0" timestamp="16 Dec 2018 19:14:52 GMT" time="188.944" errors="0">
  <testcase name="feature" time="91.548" classname="org.n26.resources.N26AutomationRunner"/>
  <testcase name="feature" time="23.008" classname="org.n26.resources.N26AutomationRunner"/>
  <testcase name="feature" time="23.354" classname="org.n26.resources.N26AutomationRunner"/>
  <testcase name="feature" time="23.262" classname="org.n26.resources.N26AutomationRunner"/>
  <testcase name="feature" time="27.772" classname="org.n26.resources.N26AutomationRunner"/>
</testsuite> <!-- org.n26.resources.N26AutomationRunner -->
