<?xml version="1.0" encoding="UTF-8"?>
<!-- Generated by org.testng.reporters.JUnitReportReporter -->
<testsuite skipped="0" hostname="DDSPL1550" name="org.hellofresh.resources.HelloFreshAutomationRunner" tests="1" failures="0" timestamp="16 Dec 2018 18:46:24 GMT" time="93.482" errors="0">
  <testcase name="feature" time="93.482" classname="org.hellofresh.resources.HelloFreshAutomationRunner"/>
</testsuite> <!-- org.hellofresh.resources.HelloFreshAutomationRunner -->
