<?xml version="1.0" encoding="UTF-8"?>
<!-- Generated by org.testng.reporters.JUnitReportReporter -->
<testsuite skipped="0" hostname="DDSPL1550" name="org.n26.resources.N26AutomationRunner" tests="5" failures="0" timestamp="16 Dec 2018 19:21:14 GMT" time="183.567" errors="0">
  <testcase name="feature" time="25.695" classname="org.n26.resources.N26AutomationRunner"/>
  <testcase name="feature" time="23.457" classname="org.n26.resources.N26AutomationRunner"/>
  <testcase name="feature" time="23.189" classname="org.n26.resources.N26AutomationRunner"/>
  <testcase name="feature" time="21.365" classname="org.n26.resources.N26AutomationRunner"/>
  <testcase name="feature" time="89.861" classname="org.n26.resources.N26AutomationRunner"/>
</testsuite> <!-- org.n26.resources.N26AutomationRunner -->
